<?xml version="1.0" encoding="UTF-8"?>
<coverage generated="1694122098135" clover="3.2.0">
  <project timestamp="1694122098136" name="All files">
    <metrics statements="101" coveredstatements="63" conditionals="22" coveredconditionals="13" methods="44" coveredmethods="19" elements="167" coveredelements="95" complexity="0" loc="101" ncloc="101" packages="5" files="16" classes="16"/>
    <package name="BooleanValueObject">
      <metrics statements="27" coveredstatements="19" conditionals="8" coveredconditionals="8" methods="19" coveredmethods="11"/>
      <file name="BooleanValueObject.ts" path="/Users/juandardilag/Documents/GitHub/value-objects/src/BooleanValueObject/BooleanValueObject.ts">
        <metrics statements="10" coveredstatements="10" conditionals="6" coveredconditionals="6" methods="7" coveredmethods="7"/>
        <line num="1" count="2" type="stmt"/>
        <line num="2" count="2" type="stmt"/>
        <line num="4" count="2" type="stmt"/>
        <line num="6" count="32" type="stmt"/>
        <line num="15" count="11" type="stmt"/>
        <line num="19" count="10" type="stmt"/>
        <line num="23" count="3" type="cond" truecount="2" falsecount="0"/>
        <line num="27" count="2" type="cond" truecount="2" falsecount="0"/>
        <line num="31" count="2" type="stmt"/>
        <line num="35" count="2" type="cond" truecount="2" falsecount="0"/>
      </file>
      <file name="BooleanValueObjectOperator.ts" path="/Users/juandardilag/Documents/GitHub/value-objects/src/BooleanValueObject/BooleanValueObjectOperator.ts">
        <metrics statements="13" coveredstatements="5" conditionals="2" coveredconditionals="2" methods="11" coveredmethods="3"/>
        <line num="2" count="2" type="stmt"/>
        <line num="4" count="2" type="stmt"/>
        <line num="7" count="5" type="stmt"/>
        <line num="10" count="4" type="cond" truecount="2" falsecount="0"/>
        <line num="14" count="1" type="stmt"/>
        <line num="18" count="0" type="stmt"/>
        <line num="22" count="0" type="stmt"/>
        <line num="26" count="0" type="stmt"/>
        <line num="30" count="0" type="stmt"/>
        <line num="34" count="0" type="stmt"/>
        <line num="38" count="0" type="stmt"/>
        <line num="42" count="0" type="stmt"/>
        <line num="46" count="0" type="stmt"/>
      </file>
      <file name="BooleanValueObjectValidator.ts" path="/Users/juandardilag/Documents/GitHub/value-objects/src/BooleanValueObject/BooleanValueObjectValidator.ts">
        <metrics statements="1" coveredstatements="1" conditionals="0" coveredconditionals="0" methods="1" coveredmethods="1"/>
        <line num="3" count="2" type="stmt"/>
      </file>
      <file name="index.ts" path="/Users/juandardilag/Documents/GitHub/value-objects/src/BooleanValueObject/index.ts">
        <metrics statements="3" coveredstatements="3" conditionals="0" coveredconditionals="0" methods="0" coveredmethods="0"/>
        <line num="3" count="2" type="stmt"/>
        <line num="4" count="2" type="stmt"/>
        <line num="5" count="2" type="stmt"/>
      </file>
    </package>
    <package name="StringValueObject">
      <metrics statements="46" coveredstatements="23" conditionals="11" coveredconditionals="5" methods="17" coveredmethods="4"/>
      <file name="StringValueObject.ts" path="/Users/juandardilag/Documents/GitHub/value-objects/src/StringValueObject/StringValueObject.ts">
        <metrics statements="6" coveredstatements="5" conditionals="4" coveredconditionals="3" methods="3" coveredmethods="2"/>
        <line num="1" count="1" type="stmt"/>
        <line num="2" count="1" type="stmt"/>
        <line num="4" count="1" type="stmt"/>
        <line num="6" count="2" type="cond" truecount="3" falsecount="1"/>
        <line num="10" count="1" type="stmt"/>
        <line num="14" count="0" type="stmt"/>
      </file>
      <file name="StringValueObjectEncrypter.ts" path="/Users/juandardilag/Documents/GitHub/value-objects/src/StringValueObject/StringValueObjectEncrypter.ts">
        <metrics statements="13" coveredstatements="2" conditionals="0" coveredconditionals="0" methods="3" coveredmethods="0"/>
        <line num="2" count="1" type="stmt"/>
        <line num="4" count="1" type="stmt"/>
        <line num="5" count="0" type="stmt"/>
        <line num="8" count="0" type="stmt"/>
        <line num="10" count="0" type="stmt"/>
        <line num="11" count="0" type="stmt"/>
        <line num="12" count="0" type="stmt"/>
        <line num="14" count="0" type="stmt"/>
        <line num="18" count="0" type="stmt"/>
        <line num="19" count="0" type="stmt"/>
        <line num="20" count="0" type="stmt"/>
        <line num="21" count="0" type="stmt"/>
        <line num="23" count="0" type="stmt"/>
      </file>
      <file name="StringValueObjectOperator.ts" path="/Users/juandardilag/Documents/GitHub/value-objects/src/StringValueObject/StringValueObjectOperator.ts">
        <metrics statements="11" coveredstatements="2" conditionals="2" coveredconditionals="0" methods="9" coveredmethods="0"/>
        <line num="2" count="1" type="stmt"/>
        <line num="4" count="1" type="stmt"/>
        <line num="5" count="0" type="stmt"/>
        <line num="8" count="0" type="stmt"/>
        <line num="12" count="0" type="stmt"/>
        <line num="16" count="0" type="stmt"/>
        <line num="20" count="0" type="cond" truecount="0" falsecount="2"/>
        <line num="24" count="0" type="stmt"/>
        <line num="28" count="0" type="stmt"/>
        <line num="32" count="0" type="stmt"/>
        <line num="36" count="0" type="stmt"/>
      </file>
      <file name="StringValueObjectValidator.ts" path="/Users/juandardilag/Documents/GitHub/value-objects/src/StringValueObject/StringValueObjectValidator.ts">
        <metrics statements="7" coveredstatements="5" conditionals="5" coveredconditionals="2" methods="2" coveredmethods="2"/>
        <line num="3" count="1" type="stmt"/>
        <line num="5" count="1" type="stmt"/>
        <line num="7" count="1" type="cond" truecount="0" falsecount="1"/>
        <line num="11" count="3" type="cond" truecount="0" falsecount="1"/>
        <line num="12" count="0" type="stmt"/>
        <line num="14" count="3" type="cond" truecount="0" falsecount="1"/>
        <line num="18" count="0" type="stmt"/>
      </file>
      <file name="StringValueOptions.ts" path="/Users/juandardilag/Documents/GitHub/value-objects/src/StringValueObject/StringValueOptions.ts">
        <metrics statements="3" coveredstatements="3" conditionals="0" coveredconditionals="0" methods="0" coveredmethods="0"/>
        <line num="1" count="1" type="stmt"/>
        <line num="8" count="1" type="stmt"/>
        <line num="13" count="1" type="stmt"/>
      </file>
      <file name="index.ts" path="/Users/juandardilag/Documents/GitHub/value-objects/src/StringValueObject/index.ts">
        <metrics statements="6" coveredstatements="6" conditionals="0" coveredconditionals="0" methods="0" coveredmethods="0"/>
        <line num="3" count="1" type="stmt"/>
        <line num="4" count="1" type="stmt"/>
        <line num="5" count="1" type="stmt"/>
        <line num="6" count="1" type="stmt"/>
        <line num="7" count="1" type="stmt"/>
        <line num="8" count="1" type="stmt"/>
      </file>
    </package>
    <package name="StringValueObject.errors">
      <metrics statements="3" coveredstatements="2" conditionals="0" coveredconditionals="0" methods="1" coveredmethods="0"/>
      <file name="InvalidStringLengthError.ts" path="/Users/juandardilag/Documents/GitHub/value-objects/src/StringValueObject/errors/InvalidStringLengthError.ts">
        <metrics statements="2" coveredstatements="1" conditionals="0" coveredconditionals="0" methods="1" coveredmethods="0"/>
        <line num="3" count="1" type="stmt"/>
        <line num="5" count="0" type="stmt"/>
      </file>
      <file name="index.ts" path="/Users/juandardilag/Documents/GitHub/value-objects/src/StringValueObject/errors/index.ts">
        <metrics statements="1" coveredstatements="1" conditionals="0" coveredconditionals="0" methods="0" coveredmethods="0"/>
        <line num="3" count="1" type="stmt"/>
      </file>
    </package>
    <package name="ValueObject">
      <metrics statements="22" coveredstatements="17" conditionals="3" coveredconditionals="0" methods="6" coveredmethods="4"/>
      <file name="ValueObject.ts" path="/Users/juandardilag/Documents/GitHub/value-objects/src/ValueObject/ValueObject.ts">
        <metrics statements="15" coveredstatements="10" conditionals="3" coveredconditionals="0" methods="6" coveredmethods="4"/>
        <line num="1" count="3" type="stmt"/>
        <line num="15" count="3" type="stmt"/>
        <line num="16" count="35" type="stmt"/>
        <line num="17" count="35" type="stmt"/>
        <line num="18" count="35" type="cond" truecount="0" falsecount="1"/>
        <line num="19" count="0" type="stmt"/>
        <line num="24" count="1" type="stmt"/>
        <line num="28" count="29" type="stmt"/>
        <line num="32" count="0" type="stmt"/>
        <line num="36" count="0" type="stmt"/>
        <line num="40" count="35" type="stmt"/>
        <line num="41" count="35" type="cond" truecount="0" falsecount="1"/>
        <line num="42" count="0" type="stmt"/>
        <line num="44" count="35" type="cond" truecount="0" falsecount="1"/>
        <line num="45" count="0" type="stmt"/>
      </file>
      <file name="index.ts" path="/Users/juandardilag/Documents/GitHub/value-objects/src/ValueObject/index.ts">
        <metrics statements="7" coveredstatements="7" conditionals="0" coveredconditionals="0" methods="0" coveredmethods="0"/>
        <line num="3" count="1" type="stmt"/>
        <line num="4" count="1" type="stmt"/>
        <line num="5" count="1" type="stmt"/>
        <line num="6" count="1" type="stmt"/>
        <line num="7" count="1" type="stmt"/>
        <line num="8" count="1" type="stmt"/>
        <line num="9" count="1" type="stmt"/>
      </file>
    </package>
    <package name="ValueObject.errors">
      <metrics statements="3" coveredstatements="2" conditionals="0" coveredconditionals="0" methods="1" coveredmethods="0"/>
      <file name="InvalidArgumentError.ts" path="/Users/juandardilag/Documents/GitHub/value-objects/src/ValueObject/errors/InvalidArgumentError.ts">
        <metrics statements="2" coveredstatements="1" conditionals="0" coveredconditionals="0" methods="1" coveredmethods="0"/>
        <line num="1" count="3" type="stmt"/>
        <line num="3" count="0" type="stmt"/>
      </file>
      <file name="index.ts" path="/Users/juandardilag/Documents/GitHub/value-objects/src/ValueObject/errors/index.ts">
        <metrics statements="1" coveredstatements="1" conditionals="0" coveredconditionals="0" methods="0" coveredmethods="0"/>
        <line num="3" count="1" type="stmt"/>
      </file>
    </package>
  </project>
</coverage>
